#
# There is insufficient memory for the Java Runtime Environment to continue.
# Native memory allocation (malloc) failed to allocate 77070336 bytes for committing reserved memory.
# Possible reasons:
#   The system is out of physical RAM or swap space
#   In 32 bit mode, the process size limit was hit
# Possible solutions:
#   Reduce memory load on the system
#   Increase physical memory or swap space
#   Check if swap backing store is full
#   Use 64 bit Java on a 64 bit OS
#   Decrease Java heap size (-Xmx/-Xms)
#   Decrease number of Java threads
#   Decrease Java thread stack sizes (-Xss)
#   Set larger code cache with -XX:ReservedCodeCacheSize=
# This output file may be truncated or incomplete.
#
#  Out of Memory Error (os_linux.cpp:2798), pid=17064, tid=1745677120
#
# JRE version: OpenJDK Runtime Environment (7.0_65-b32) (build 1.7.0_65-b32)
# Java VM: OpenJDK Server VM (24.65-b04 mixed mode linux-x86 )
# Derivative: IcedTea 2.5.3
# Distribution: Ubuntu 14.04 LTS, package 7u71-2.5.3-0ubuntu0.14.04.1
# Failed to write core dump. Core dumps have been disabled. To enable core dumping, try "ulimit -c unlimited" before starting Java again
#

---------------  T H R E A D  ---------------

Current thread (0x67f10400):  VMThread [stack: 0x6804e000,0x680cf000] [id=17075]

Stack: [0x6804e000,0x680cf000]
VM_Operation (0xb656ac78): ParallelGCFailedAllocation, mode: safepoint, requested by thread 0xb6407800


---------------  P R O C E S S  ---------------

Java Threads: ( => current thread )
  0x67f2cc00 JavaThread "Service Thread" daemon [_thread_blocked, id=17081, stack(0x67988000,0x679d9000)]
  0x67f2b000 JavaThread "C2 CompilerThread1" daemon [_thread_blocked, id=17080, stack(0x679d9000,0x67a5a000)]
  0x67f28c00 JavaThread "C2 CompilerThread0" daemon [_thread_blocked, id=17079, stack(0x67a5a000,0x67adb000)]
  0x67f27400 JavaThread "Signal Dispatcher" daemon [_thread_blocked, id=17078, stack(0x67adb000,0x67b2c000)]
  0x67f14000 JavaThread "Finalizer" daemon [_thread_blocked, id=17077, stack(0x67e5e000,0x67eaf000)]
  0x67f12800 JavaThread "Reference Handler" daemon [_thread_blocked, id=17076, stack(0x67eaf000,0x67f00000)]
  0xb6407800 JavaThread "main" [_thread_blocked, id=17072, stack(0xb651b000,0xb656c000)]

Other Threads:
=>0x67f10400 VMThread [stack: 0x6804e000,0x680cf000] [id=17075]
  0x67f2e800 WatcherThread [stack: 0x67907000,0x67988000] [id=17082]

VM state:at safepoint (normal execution)

VM Mutex/Monitor currently owned by a thread:  ([mutex/lock_event])
[0xb64051a0] Threads_lock - owner thread: 0x67f10400
[0xb64055b0] Heap_lock - owner thread: 0xb6407800

Heap
 PSYoungGen      total 73472K, used 8959K [0x9dd40000, 0xa2ec0000, 0xb32c0000)
  eden space 64512K, 0% used [0x9dd40000,0x9dd40000,0xa1c40000)
  from space 8960K, 99% used [0xa1c40000,0xa24ffe10,0xa2500000)
  to   space 7936K, 0% used [0xa2500000,0xa2500000,0xa2cc0000)
 ParOldGen       total 42752K, used 24381K [0x732c0000, 0x75c80000, 0x9dd40000)
  object space 42752K, 57% used [0x732c0000,0x74a8f418,0x75c80000)
 PSPermGen       total 16384K, used 4046K [0x6b2c0000, 0x6c2c0000, 0x732c0000)
  object space 16384K, 24% used [0x6b2c0000,0x6b6b39b8,0x6c2c0000)

Card table byte_map: [0x6b07f000,0x6b2c0000] byte_map_base: 0x6ad25a00

Polling page: 0xb7719000

Code Cache  [0xb338d000, 0xb35cd000, 0xb638d000)
 total_blobs=722 nmethods=603 adapters=73 free_code_cache=47063Kb largest_free_block=48123712

Compilation events (10 events):
Event: 20.690 Thread 0x67f28c00 nmethod 607 0xb34bc488 code [0xb34bd9c0, 0xb34c342c]
Event: 20.691 Thread 0x67f28c00  616             com.android.dx.rop.type.Prototype::getParameterFrameTypes (96 bytes)
Event: 20.695 Thread 0x67f2b000 nmethod 615 0xb3520408 code [0xb35205e0, 0xb352121c]
Event: 20.735 Thread 0x67f28c00 nmethod 616 0xb358f0c8 code [0xb358f1e0, 0xb358f4f0]
Event: 23.357 Thread 0x67f2b000  617             java.util.TreeMap::getFirstEntry (26 bytes)
Event: 23.362 Thread 0x67f28c00  618             com.android.dx.dex.file.Section::throwIfPrepared (18 bytes)
Event: 24.118 Thread 0x67f2b000 nmethod 617 0xb358f748 code [0xb358f840, 0xb358f8b0]
Event: 24.501 Thread 0x67f2b000  619             java.util.ComparableTimSort::binarySort (223 bytes)
Event: 24.501 Thread 0x67f28c00 nmethod 618 0xb358ef08 code [0xb358f000, 0xb358f050]
Event: 24.501 Thread 0x67f28c00  620             com.android.dx.dex.code.OutputFinisher::addConstants (93 bytes)

GC Heap History (10 events):
Event: 5.310 GC heap after
Heap after GC invocations=2 (full 0):
 PSYoungGen      total 18944K, used 2557K [0x9dd40000, 0xa0240000, 0xb32c0000)
  eden space 16384K, 0% used [0x9dd40000,0x9dd40000,0x9ed40000)
  from space 2560K, 99% used [0x9efc0000,0x9f23f758,0x9f240000)
  to   space 2560K, 0% used [0x9ed40000,0x9ed40000,0x9efc0000)
 ParOldGen       total 42752K, used 4045K [0x732c0000, 0x75c80000, 0x9dd40000)
  object space 42752K, 9% used [0x732c0000,0x736b35e0,0x75c80000)
 PSPermGen       total 16384K, used 3894K [0x6b2c0000, 0x6c2c0000, 0x732c0000)
  object space 16384K, 23% used [0x6b2c0000,0x6b68d940,0x6c2c0000)
}
Event: 7.255 GC heap before
{Heap before GC invocations=3 (full 0):
 PSYoungGen      total 18944K, used 18941K [0x9dd40000, 0xa0240000, 0xb32c0000)
  eden space 16384K, 100% used [0x9dd40000,0x9ed40000,0x9ed40000)
  from space 2560K, 99% used [0x9efc0000,0x9f23f758,0x9f240000)
  to   space 2560K, 0% used [0x9ed40000,0x9ed40000,0x9efc0000)
 ParOldGen       total 42752K, used 4045K [0x732c0000, 0x75c80000, 0x9dd40000)
  object space 42752K, 9% used [0x732c0000,0x736b35e0,0x75c80000)
 PSPermGen       total 16384K, used 3915K [0x6b2c0000, 0x6c2c0000, 0x732c0000)
  object space 16384K, 23% used [0x6b2c0000,0x6b692cb8,0x6c2c0000)
Event: 7.345 GC heap after
Heap after GC invocations=3 (full 0):
 PSYoungGen      total 18944K, used 2558K [0x9dd40000, 0xa0240000, 0xb32c0000)
  eden space 16384K, 0% used [0x9dd40000,0x9dd40000,0x9ed40000)
  from space 2560K, 99% used [0x9ed40000,0x9efbfb38,0x9efc0000)
  to   space 2560K, 0% used [0x9ffc0000,0x9ffc0000,0xa0240000)
 ParOldGen       total 42752K, used 6445K [0x732c0000, 0x75c80000, 0x9dd40000)
  object space 42752K, 15% used [0x732c0000,0x7390b458,0x75c80000)
 PSPermGen       total 16384K, used 3915K [0x6b2c0000, 0x6c2c0000, 0x732c0000)
  object space 16384K, 23% used [0x6b2c0000,0x6b692cb8,0x6c2c0000)
}
Event: 9.220 GC heap before
{Heap before GC invocations=4 (full 0):
 PSYoungGen      total 18944K, used 18942K [0x9dd40000, 0xa0240000, 0xb32c0000)
  eden space 16384K, 100% used [0x9dd40000,0x9ed40000,0x9ed40000)
  from space 2560K, 99% used [0x9ed40000,0x9efbfb38,0x9efc0000)
  to   space 2560K, 0% used [0x9ffc0000,0x9ffc0000,0xa0240000)
 ParOldGen       total 42752K, used 6445K [0x732c0000, 0x75c80000, 0x9dd40000)
  object space 42752K, 15% used [0x732c0000,0x7390b458,0x75c80000)
 PSPermGen       total 16384K, used 3925K [0x6b2c0000, 0x6c2c0000, 0x732c0000)
  object space 16384K, 23% used [0x6b2c0000,0x6b6956f0,0x6c2c0000)
Event: 11.631 GC heap after
Heap after GC invocations=4 (full 0):
 PSYoungGen      total 35328K, used 2544K [0x9dd40000, 0xa0240000, 0xb32c0000)
  eden space 32768K, 0% used [0x9dd40000,0x9dd40000,0x9fd40000)
  from space 2560K, 99% used [0x9ffc0000,0xa023c340,0xa0240000)
  to   space 2560K, 0% used [0x9fd40000,0x9fd40000,0x9ffc0000)
 ParOldGen       total 42752K, used 8964K [0x732c0000, 0x75c80000, 0x9dd40000)
  object space 42752K, 20% used [0x732c0000,0x73b81020,0x75c80000)
 PSPermGen       total 16384K, used 3925K [0x6b2c0000, 0x6c2c0000, 0x732c0000)
  object space 16384K, 23% used [0x6b2c0000,0x6b6956f0,0x6c2c0000)
}
Event: 14.554 GC heap before
{Heap before GC invocations=5 (full 0):
 PSYoungGen      total 35328K, used 35312K [0x9dd40000, 0xa0240000, 0xb32c0000)
  eden space 32768K, 100% used [0x9dd40000,0x9fd40000,0x9fd40000)
  from space 2560K, 99% used [0x9ffc0000,0xa023c340,0xa0240000)
  to   space 2560K, 0% used [0x9fd40000,0x9fd40000,0x9ffc0000)
 ParOldGen       total 42752K, used 8964K [0x732c0000, 0x75c80000, 0x9dd40000)
  object space 42752K, 20% used [0x732c0000,0x73b81020,0x75c80000)
 PSPermGen       total 16384K, used 3958K [0x6b2c0000, 0x6c2c0000, 0x732c0000)
  object space 16384K, 24% used [0x6b2c0000,0x6b69dba0,0x6c2c0000)
Event: 15.565 GC heap after
Heap after GC invocations=5 (full 0):
 PSYoungGen      total 35328K, used 2548K [0x9dd40000, 0xa2cc0000, 0xb32c0000)
  eden space 32768K, 0% used [0x9dd40000,0x9dd40000,0x9fd40000)
  from space 2560K, 99% used [0x9fd40000,0x9ffbd200,0x9ffc0000)
  to   space 7936K, 0% used [0xa2500000,0xa2500000,0xa2cc0000)
 ParOldGen       total 42752K, used 14677K [0x732c0000, 0x75c80000, 0x9dd40000)
  object space 42752K, 34% used [0x732c0000,0x74115628,0x75c80000)
 PSPermGen       total 16384K, used 3958K [0x6b2c0000, 0x6c2c0000, 0x732c0000)
  object space 16384K, 24% used [0x6b2c0000,0x6b69dba0,0x6c2c0000)
}
Event: 18.286 GC heap before
{Heap before GC invocations=6 (full 0):
 PSYoungGen      total 35328K, used 35316K [0x9dd40000, 0xa2cc0000, 0xb32c0000)
  eden space 32768K, 100% used [0x9dd40000,0x9fd40000,0x9fd40000)
  from space 2560K, 99% used [0x9fd40000,0x9ffbd200,0x9ffc0000)
  to   space 7936K, 0% used [0xa2500000,0xa2500000,0xa2cc0000)
 ParOldGen       total 42752K, used 14677K [0x732c0000, 0x75c80000, 0x9dd40000)
  object space 42752K, 34% used [0x732c0000,0x74115628,0x75c80000)
 PSPermGen       total 16384K, used 3982K [0x6b2c0000, 0x6c2c0000, 0x732c0000)
  object space 16384K, 24% used [0x6b2c0000,0x6b6a3ae0,0x6c2c0000)
Event: 18.854 GC heap after
Heap after GC invocations=6 (full 0):
 PSYoungGen      total 72448K, used 7836K [0x9dd40000, 0xa2ec0000, 0xb32c0000)
  eden space 64512K, 0% used [0x9dd40000,0x9dd40000,0xa1c40000)
  from space 7936K, 98% used [0xa2500000,0xa2ca7260,0xa2cc0000)
  to   space 8960K, 0% used [0xa1c40000,0xa1c40000,0xa2500000)
 ParOldGen       total 42752K, used 14677K [0x732c0000, 0x75c80000, 0x9dd40000)
  object space 42752K, 34% used [0x732c0000,0x74115628,0x75c80000)
 PSPermGen       total 16384K, used 3982K [0x6b2c0000, 0x6c2c0000, 0x732c0000)
  object space 16384K, 24% used [0x6b2c0000,0x6b6a3ae0,0x6c2c0000)
}
Event: 27.741 GC heap before
{Heap before GC invocations=7 (full 0):
 PSYoungGen      total 72448K, used 72348K [0x9dd40000, 0xa2ec0000, 0xb32c0000)
  eden space 64512K, 100% used [0x9dd40000,0xa1c40000,0xa1c40000)
  from space 7936K, 98% used [0xa2500000,0xa2ca7260,0xa2cc0000)
  to   space 8960K, 0% used [0xa1c40000,0xa1c40000,0xa2500000)
 ParOldGen       total 42752K, used 14677K [0x732c0000, 0x75c80000, 0x9dd40000)
  object space 42752K, 34% used [0x732c0000,0x74115628,0x75c80000)
 PSPermGen       total 16384K, used 4046K [0x6b2c0000, 0x6c2c0000, 0x732c0000)
  object space 16384K, 24% used [0x6b2c0000,0x6b6b39b8,0x6c2c0000)

Deoptimization events (10 events):
Event: 17.361 Thread 0xb6407800 Uncommon trap: reason=unreached action=reinterpret pc=0xb35387cc method=com.android.dx.cf.code.Ropper.addExceptionSetupBlocks()V @ 21
Event: 17.449 Thread 0xb6407800 Uncommon trap: reason=unreached action=reinterpret pc=0xb347a588 method=com.android.dx.util.LabeledList.set(ILcom/android/dx/util/LabeledItem;)V @ 16
Event: 17.449 Thread 0xb6407800 Uncommon trap: reason=unreached action=reinterpret pc=0xb3443470 method=com.android.dx.util.LabeledList.set(ILcom/android/dx/util/LabeledItem;)V @ 16
Event: 17.449 Thread 0xb6407800 Uncommon trap: reason=unreached action=reinterpret pc=0xb34e9908 method=com.android.dx.util.FixedSizeList.shrinkToFit()V @ 21
Event: 17.636 Thread 0xb6407800 Uncommon trap: reason=unreached action=reinterpret pc=0xb350ad3c method=com.android.dx.cf.code.BaseMachine.getLocalTarget(Z)Lcom/android/dx/rop/code/RegisterSpec; @ 131
Event: 17.636 Thread 0xb6407800 Uncommon trap: reason=unreached action=reinterpret pc=0xb3465414 method=com.android.dx.cf.code.Ropper.addExceptionSetupBlocks()V @ 21
Event: 18.993 Thread 0xb6407800 Uncommon trap: reason=bimorphic action=maybe_recompile pc=0xb3562d34 method=com.android.dx.cf.code.BytecodeArray.parseInstruction(ILcom/android/dx/cf/code/BytecodeArray$Visitor;)I @ 1224
Event: 18.994 Thread 0xb6407800 Uncommon trap: reason=bimorphic action=maybe_recompile pc=0xb3562d34 method=com.android.dx.cf.code.BytecodeArray.parseInstruction(ILcom/android/dx/cf/code/BytecodeArray$Visitor;)I @ 1224
Event: 20.122 Thread 0xb6407800 Uncommon trap: reason=bimorphic action=maybe_recompile pc=0xb357f8f0 method=com.android.dx.cf.code.BytecodeArray.parseInstruction(ILcom/android/dx/cf/code/BytecodeArray$Visitor;)I @ 1597
Event: 20.123 Thread 0xb6407800 Uncommon trap: reason=bimorphic action=maybe_recompile pc=0xb357f8f0 method=com.android.dx.cf.code.BytecodeArray.parseInstruction(ILcom/android/dx/cf/code/BytecodeArray$Visitor;)I @ 1597

Internal exceptions (10 events):
Event: 8.677 Thread 0xb6407800 Implicit null exception at 0xb34080d4 to 0xb34089d1
Event: 12.504 Thread 0xb6407800 Threw 0x9e86d030 at /build/buildd/openjdk-7-7u71-2.5.3/build/openjdk/hotspot/src/share/vm/prims/jvm.cpp:1284
Event: 12.574 Thread 0xb6407800 Threw 0x9e8f3930 at /build/buildd/openjdk-7-7u71-2.5.3/build/openjdk/hotspot/src/share/vm/prims/jvm.cpp:1284
Event: 12.624 Thread 0xb6407800 Threw 0x9e8fe518 at /build/buildd/openjdk-7-7u71-2.5.3/build/openjdk/hotspot/src/share/vm/prims/jvm.cpp:1284
Event: 12.625 Thread 0xb6407800 Threw 0x9e901400 at /build/buildd/openjdk-7-7u71-2.5.3/build/openjdk/hotspot/src/share/vm/prims/jvm.cpp:1284
Event: 17.055 Thread 0xb6407800 Threw 0x9e8048d8 at /build/buildd/openjdk-7-7u71-2.5.3/build/openjdk/hotspot/src/share/vm/prims/jvm.cpp:1284
Event: 20.132 Thread 0xb6407800 Threw 0x9fde7d10 at /build/buildd/openjdk-7-7u71-2.5.3/build/openjdk/hotspot/src/share/vm/prims/jvm.cpp:1284
Event: 22.590 Thread 0xb6407800 Threw 0xa1995f48 at /build/buildd/openjdk-7-7u71-2.5.3/build/openjdk/hotspot/src/share/vm/prims/jvm.cpp:1284
Event: 24.271 Thread 0xb6407800 Threw 0xa1aba2d8 at /build/buildd/openjdk-7-7u71-2.5.3/build/openjdk/hotspot/src/share/vm/prims/jvm.cpp:1284
Event: 24.970 Thread 0xb6407800 Threw 0xa1bb1e90 at /build/buildd/openjdk-7-7u71-2.5.3/build/openjdk/hotspot/src/share/vm/prims/jvm.cpp:1284

Events (10 events):
Event: 22.590 loading class 0x67425f88 done
Event: 23.382 loading class 0x6ac59558
Event: 23.700 loading class 0x6ac59558 done
Event: 23.700 loading class 0x6ac594d0
Event: 23.745 loading class 0x6ac594d0 done
Event: 24.271 loading class 0x67461fc0
Event: 24.271 loading class 0x67461fc0 done
Event: 24.970 loading class 0x67fc53c0
Event: 24.970 loading class 0x67fc53c0 done
Event: 26.353 Executing VM operation: ParallelGCFailedAllocation


Dynamic libraries:
08048000-08049000 r-xp 00000000 08:07 5121715    /usr/lib/jvm/java-7-openjdk-i386/jre/bin/java
08049000-0804a000 r--p 00000000 08:07 5121715    /usr/lib/jvm/java-7-openjdk-i386/jre/bin/java
0804a000-0804b000 rw-p 00001000 08:07 5121715    /usr/lib/jvm/java-7-openjdk-i386/jre/bin/java
09e22000-0a406000 rw-p 00000000 00:00 0          [heap]
66a00000-66afe000 rw-p 00000000 00:00 0 
66afe000-66b00000 ---p 00000000 00:00 0 
66b00000-66bd2000 rw-p 00000000 00:00 0 
66bd2000-66c00000 ---p 00000000 00:00 0 
66c00000-66cfb000 rw-p 00000000 00:00 0 
66cfb000-66d00000 ---p 00000000 00:00 0 
66d00000-66df4000 rw-p 00000000 00:00 0 
66df4000-66e00000 ---p 00000000 00:00 0 
66e00000-66ee3000 rw-p 00000000 00:00 0 
66ee3000-66f00000 ---p 00000000 00:00 0 
66f00000-66ffd000 rw-p 00000000 00:00 0 
66ffd000-67000000 ---p 00000000 00:00 0 
67000000-670f9000 rw-p 00000000 00:00 0 
670f9000-67100000 ---p 00000000 00:00 0 
67200000-672f8000 rw-p 00000000 00:00 0 
672f8000-67300000 ---p 00000000 00:00 0 
67300000-673fd000 rw-p 00000000 00:00 0 
673fd000-67400000 ---p 00000000 00:00 0 
67400000-67476000 rw-p 00000000 00:00 0 
67476000-67500000 ---p 00000000 00:00 0 
675c0000-675fc000 r-xp 00000000 08:07 132165     /lib/i386-linux-gnu/libpcre.so.3.13.1
675fc000-675fd000 r--p 0003b000 08:07 132165     /lib/i386-linux-gnu/libpcre.so.3.13.1
675fd000-675fe000 rw-p 0003c000 08:07 132165     /lib/i386-linux-gnu/libpcre.so.3.13.1
675fe000-67603000 r-xp 00000000 08:07 4987550    /usr/lib/i386-linux-gnu/libffi.so.6.0.1
67603000-67604000 r--p 00005000 08:07 4987550    /usr/lib/i386-linux-gnu/libffi.so.6.0.1
67604000-67605000 rw-p 00006000 08:07 4987550    /usr/lib/i386-linux-gnu/libffi.so.6.0.1
67605000-67625000 r-xp 00000000 08:07 132192     /lib/i386-linux-gnu/libselinux.so.1
67625000-67626000 r--p 0001f000 08:07 132192     /lib/i386-linux-gnu/libselinux.so.1
67626000-67627000 rw-p 00020000 08:07 132192     /lib/i386-linux-gnu/libselinux.so.1
67627000-67628000 rw-p 00000000 00:00 0 
67628000-67732000 r-xp 00000000 08:07 132092     /lib/i386-linux-gnu/libglib-2.0.so.0.4000.0
67732000-67733000 r--p 00109000 08:07 132092     /lib/i386-linux-gnu/libglib-2.0.so.0.4000.0
67733000-67734000 rw-p 0010a000 08:07 132092     /lib/i386-linux-gnu/libglib-2.0.so.0.4000.0
67734000-67784000 r-xp 00000000 08:07 4987701    /usr/lib/i386-linux-gnu/libgobject-2.0.so.0.4000.0
67784000-67785000 r--p 0004f000 08:07 4987701    /usr/lib/i386-linux-gnu/libgobject-2.0.so.0.4000.0
67785000-67786000 rw-p 00050000 08:07 4987701    /usr/lib/i386-linux-gnu/libgobject-2.0.so.0.4000.0
67786000-67903000 r-xp 00000000 08:07 4987661    /usr/lib/i386-linux-gnu/libgio-2.0.so.0.4000.0
67903000-67905000 r--p 0017c000 08:07 4987661    /usr/lib/i386-linux-gnu/libgio-2.0.so.0.4000.0
67905000-67906000 rw-p 0017e000 08:07 4987661    /usr/lib/i386-linux-gnu/libgio-2.0.so.0.4000.0
67906000-67907000 rw-p 00000000 00:00 0 
67907000-67908000 ---p 00000000 00:00 0 
67908000-67988000 rw-p 00000000 00:00 0          [stack:17082]
67988000-6798b000 ---p 00000000 00:00 0 
6798b000-679d9000 rw-p 00000000 00:00 0          [stack:17081]
679d9000-679dc000 ---p 00000000 00:00 0 
679dc000-67a5a000 rw-p 00000000 00:00 0          [stack:17080]
67a5a000-67a5d000 ---p 00000000 00:00 0 
67a5d000-67adb000 rw-p 00000000 00:00 0          [stack:17079]
67adb000-67ade000 ---p 00000000 00:00 0 
67ade000-67b2c000 rw-p 00000000 00:00 0          [stack:17078]
67b2c000-67c5e000 r--p 002c8000 08:07 4988684    /usr/lib/locale/locale-archive
67c5e000-67e5e000 r--p 00000000 08:07 4988684    /usr/lib/locale/locale-archive
67e5e000-67e61000 ---p 00000000 00:00 0 
67e61000-67eaf000 rw-p 00000000 00:00 0          [stack:17077]
67eaf000-67eb2000 ---p 00000000 00:00 0 
67eb2000-67f00000 rw-p 00000000 00:00 0          [stack:17076]
67f00000-67ffe000 rw-p 00000000 00:00 0 
67ffe000-68000000 ---p 00000000 00:00 0 
68000000-68013000 r-xp 00000000 08:07 132188     /lib/i386-linux-gnu/libresolv-2.19.so
68013000-68014000 ---p 00013000 08:07 132188     /lib/i386-linux-gnu/libresolv-2.19.so
68014000-68015000 r--p 00013000 08:07 132188     /lib/i386-linux-gnu/libresolv-2.19.so
68015000-68016000 rw-p 00014000 08:07 132188     /lib/i386-linux-gnu/libresolv-2.19.so
68016000-68018000 rw-p 00000000 00:00 0 
68018000-6801b000 r-xp 00000000 08:07 4987677    /usr/lib/i386-linux-gnu/libgmodule-2.0.so.0.4000.0
6801b000-6801c000 r--p 00002000 08:07 4987677    /usr/lib/i386-linux-gnu/libgmodule-2.0.so.0.4000.0
6801c000-6801d000 rw-p 00003000 08:07 4987677    /usr/lib/i386-linux-gnu/libgmodule-2.0.so.0.4000.0
68035000-6804c000 r-xp 00000000 08:07 5121649    /usr/lib/jvm/java-7-openjdk-i386/jre/lib/i386/libnet.so
6804c000-6804d000 r--p 00016000 08:07 5121649    /usr/lib/jvm/java-7-openjdk-i386/jre/lib/i386/libnet.so
6804d000-6804e000 rw-p 00017000 08:07 5121649    /usr/lib/jvm/java-7-openjdk-i386/jre/lib/i386/libnet.so
6804e000-6804f000 ---p 00000000 00:00 0 
6804f000-680cf000 rw-p 00000000 00:00 0          [stack:17075]
680cf000-68280000 r--s 01d25000 08:07 5114930    /usr/lib/jvm/java-7-openjdk-i386/jre/lib/rt.jar
68280000-6ab00000 rw-p 00000000 00:00 0 
6ab00000-6abf9000 rw-p 00000000 00:00 0 
6abf9000-6ac00000 ---p 00000000 00:00 0 
6ac02000-6ac13000 r-xp 00000000 08:07 5121639    /usr/lib/jvm/java-7-openjdk-i386/jre/lib/i386/libnio.so
6ac13000-6ac14000 r--p 00010000 08:07 5121639    /usr/lib/jvm/java-7-openjdk-i386/jre/lib/i386/libnio.so
6ac14000-6ac15000 rw-p 00011000 08:07 5121639    /usr/lib/jvm/java-7-openjdk-i386/jre/lib/i386/libnio.so
6ac15000-6ac24000 r--s 000dd000 08:07 3932571    /home/gikundi/Desktop/flash/adt-bundle-linux-x86-20140321/adt-bundle-linux-x86-20140321/sdk/build-tools/21.1.2/lib/dx.jar
6ac24000-6ac7f000 rw-p 00000000 00:00 0 
6ac7f000-6ac80000 ---p 00000000 00:00 0 
6ac80000-6ad00000 rw-p 00000000 00:00 0          [stack:17074]
6ad00000-6ad21000 rw-p 00000000 00:00 0 
6ad21000-6ae00000 ---p 00000000 00:00 0 
6ae04000-6ae68000 rw-p 00000000 00:00 0 
6ae68000-6ae69000 ---p 00000000 00:00 0 
6ae69000-6aef1000 rw-p 00000000 00:00 0          [stack:17073]
6aef1000-6af29000 rw-p 00000000 00:00 0 
6af29000-6af3e000 rw-p 00000000 00:00 0 
6af3e000-6b07f000 rw-p 00000000 00:00 0 
6b07f000-6b087000 rw-p 00000000 00:00 0 
6b087000-6b0bf000 rw-p 00000000 00:00 0 
6b0bf000-6b0d4000 rw-p 00000000 00:00 0 
6b0d4000-6b214000 rw-p 00000000 00:00 0 
6b214000-6b23d000 rw-p 00000000 00:00 0 
6b23d000-6b2bf000 rw-p 00000000 00:00 0 
6b2bf000-6c2c0000 rw-p 00000000 00:00 0 
6c2c0000-732c0000 rw-p 00000000 00:00 0 
732c0000-75c80000 rw-p 00000000 00:00 0 
75c80000-9dd40000 rw-p 00000000 00:00 0 
9dd40000-a2ec0000 rw-p 00000000 00:00 0 
a7840000-b32c0000 rw-p 00000000 00:00 0 
b32cb000-b32cd000 r--s 00012000 08:07 5121690    /usr/lib/jvm/java-7-openjdk-i386/jre/lib/ext/zipfs.jar
b32cd000-b32d6000 rw-p 00000000 00:00 0 
b32d6000-b338d000 rw-p 00000000 00:00 0 
b338d000-b35cd000 rwxp 00000000 00:00 0 
b35cd000-b638d000 rw-p 00000000 00:00 0 
b638d000-b6398000 r-xp 00000000 08:07 132137     /lib/i386-linux-gnu/libnss_files-2.19.so
b6398000-b6399000 r--p 0000a000 08:07 132137     /lib/i386-linux-gnu/libnss_files-2.19.so
b6399000-b639a000 rw-p 0000b000 08:07 132137     /lib/i386-linux-gnu/libnss_files-2.19.so
b639a000-b63a4000 r-xp 00000000 08:07 132147     /lib/i386-linux-gnu/libnss_nis-2.19.so
b63a4000-b63a5000 r--p 00009000 08:07 132147     /lib/i386-linux-gnu/libnss_nis-2.19.so
b63a5000-b63a6000 rw-p 0000a000 08:07 132147     /lib/i386-linux-gnu/libnss_nis-2.19.so
b63a6000-b63bb000 r-xp 00000000 08:07 132131     /lib/i386-linux-gnu/libnsl-2.19.so
b63bb000-b63bc000 r--p 00015000 08:07 132131     /lib/i386-linux-gnu/libnsl-2.19.so
b63bc000-b63bd000 rw-p 00016000 08:07 132131     /lib/i386-linux-gnu/libnsl-2.19.so
b63bd000-b63bf000 rw-p 00000000 00:00 0 
b63c0000-b63c4000 r--s 00085000 08:07 5121692    /usr/lib/jvm/java-7-openjdk-i386/jre/lib/ext/localedata.jar
b63c4000-b63c8000 r--s 0003c000 08:07 5121689    /usr/lib/jvm/java-7-openjdk-i386/jre/lib/ext/sunpkcs11.jar
b63c8000-b63cb000 r--s 0000f000 08:07 5121688    /usr/lib/jvm/java-7-openjdk-i386/jre/lib/ext/icedtea-sound.jar
b63cb000-b63cd000 r--s 00006000 08:07 5511039    /usr/share/java/java-atk-wrapper.jar
b63cd000-b63d5000 r-xp 00000000 08:07 5121631    /usr/lib/jvm/java-7-openjdk-i386/jre/lib/i386/libzip.so
b63d5000-b63d6000 r--p 00007000 08:07 5121631    /usr/lib/jvm/java-7-openjdk-i386/jre/lib/i386/libzip.so
b63d6000-b63d7000 rw-p 00008000 08:07 5121631    /usr/lib/jvm/java-7-openjdk-i386/jre/lib/i386/libzip.so
b63d7000-b63fe000 r-xp 00000000 08:07 5115054    /usr/lib/jvm/java-7-openjdk-i386/jre/lib/i386/libjava.so
b63fe000-b63ff000 r--p 00026000 08:07 5115054    /usr/lib/jvm/java-7-openjdk-i386/jre/lib/i386/libjava.so
b63ff000-b6400000 rw-p 00027000 08:07 5115054    /usr/lib/jvm/java-7-openjdk-i386/jre/lib/i386/libjava.so
b6400000-b64fd000 rw-p 00000000 00:00 0 
b64fd000-b6500000 ---p 00000000 00:00 0 
b6501000-b6509000 rw-s 00000000 08:07 4347267    /tmp/hsperfdata_gikundi/17064
b6509000-b6510000 r-xp 00000000 08:07 132133     /lib/i386-linux-gnu/libnss_compat-2.19.so
b6510000-b6511000 r--p 00006000 08:07 132133     /lib/i386-linux-gnu/libnss_compat-2.19.so
b6511000-b6512000 rw-p 00007000 08:07 132133     /lib/i386-linux-gnu/libnss_compat-2.19.so
b6512000-b6519000 r-xp 00000000 08:07 132190     /lib/i386-linux-gnu/librt-2.19.so
b6519000-b651a000 r--p 00006000 08:07 132190     /lib/i386-linux-gnu/librt-2.19.so
b651a000-b651b000 rw-p 00007000 08:07 132190     /lib/i386-linux-gnu/librt-2.19.so
b651b000-b651e000 ---p 00000000 00:00 0 
b651e000-b656c000 rw-p 00000000 00:00 0          [stack:17072]
b656c000-b6588000 r-xp 00000000 08:07 132088     /lib/i386-linux-gnu/libgcc_s.so.1
b6588000-b6589000 rw-p 0001b000 08:07 132088     /lib/i386-linux-gnu/libgcc_s.so.1
b6589000-b65cd000 r-xp 00000000 08:07 132112     /lib/i386-linux-gnu/libm-2.19.so
b65cd000-b65ce000 r--p 00043000 08:07 132112     /lib/i386-linux-gnu/libm-2.19.so
b65ce000-b65cf000 rw-p 00044000 08:07 132112     /lib/i386-linux-gnu/libm-2.19.so
b65cf000-b66ab000 r-xp 00000000 08:07 4988295    /usr/lib/i386-linux-gnu/libstdc++.so.6.0.19
b66ab000-b66ac000 ---p 000dc000 08:07 4988295    /usr/lib/i386-linux-gnu/libstdc++.so.6.0.19
b66ac000-b66b0000 r--p 000dc000 08:07 4988295    /usr/lib/i386-linux-gnu/libstdc++.so.6.0.19
b66b0000-b66b1000 rw-p 000e0000 08:07 4988295    /usr/lib/i386-linux-gnu/libstdc++.so.6.0.19
b66b1000-b66b8000 rw-p 00000000 00:00 0 
b66b8000-b70a3000 r-xp 00000000 08:07 5121652    /usr/lib/jvm/java-7-openjdk-i386/jre/lib/i386/server/libjvm.so
b70a3000-b70a4000 ---p 009eb000 08:07 5121652    /usr/lib/jvm/java-7-openjdk-i386/jre/lib/i386/server/libjvm.so
b70a4000-b70f6000 r--p 009eb000 08:07 5121652    /usr/lib/jvm/java-7-openjdk-i386/jre/lib/i386/server/libjvm.so
b70f6000-b710a000 rw-p 00a3d000 08:07 5121652    /usr/lib/jvm/java-7-openjdk-i386/jre/lib/i386/server/libjvm.so
b710a000-b7528000 rw-p 00000000 00:00 0 
b7528000-b7540000 r-xp 00000000 08:07 132223     /lib/i386-linux-gnu/libz.so.1.2.8
b7540000-b7541000 r--p 00017000 08:07 132223     /lib/i386-linux-gnu/libz.so.1.2.8
b7541000-b7542000 rw-p 00018000 08:07 132223     /lib/i386-linux-gnu/libz.so.1.2.8
b7542000-b755a000 r-xp 00000000 08:07 132182     /lib/i386-linux-gnu/libpthread-2.19.so
b755a000-b755b000 r--p 00017000 08:07 132182     /lib/i386-linux-gnu/libpthread-2.19.so
b755b000-b755c000 rw-p 00018000 08:07 132182     /lib/i386-linux-gnu/libpthread-2.19.so
b755c000-b755e000 rw-p 00000000 00:00 0 
b755e000-b7561000 r-xp 00000000 08:07 132078     /lib/i386-linux-gnu/libdl-2.19.so
b7561000-b7562000 r--p 00002000 08:07 132078     /lib/i386-linux-gnu/libdl-2.19.so
b7562000-b7563000 rw-p 00003000 08:07 132078     /lib/i386-linux-gnu/libdl-2.19.so
b7563000-b770c000 r-xp 00000000 08:07 132061     /lib/i386-linux-gnu/libc-2.19.so
b770c000-b770e000 r--p 001a9000 08:07 132061     /lib/i386-linux-gnu/libc-2.19.so
b770e000-b770f000 rw-p 001ab000 08:07 132061     /lib/i386-linux-gnu/libc-2.19.so
b770f000-b7712000 rw-p 00000000 00:00 0 
b7712000-b7713000 r--s 00002000 08:07 5121691    /usr/lib/jvm/java-7-openjdk-i386/jre/lib/ext/dnsns.jar
b7713000-b7717000 r--s 00034000 08:07 5121687    /usr/lib/jvm/java-7-openjdk-i386/jre/lib/ext/sunjce_provider.jar
b7717000-b7718000 r--p 002c5000 08:07 4988684    /usr/lib/locale/locale-archive
b7718000-b7719000 rw-p 00000000 00:00 0 
b7719000-b771a000 ---p 00000000 00:00 0 
b771a000-b7728000 r-xp 00000000 08:07 5121662    /usr/lib/jvm/java-7-openjdk-i386/jre/lib/i386/libverify.so
b7728000-b7729000 r--p 0000d000 08:07 5121662    /usr/lib/jvm/java-7-openjdk-i386/jre/lib/i386/libverify.so
b7729000-b772a000 rw-p 0000e000 08:07 5121662    /usr/lib/jvm/java-7-openjdk-i386/jre/lib/i386/libverify.so
b772a000-b7736000 r-xp 00000000 08:07 5121666    /usr/lib/jvm/java-7-openjdk-i386/jre/lib/i386/jli/libjli.so
b7736000-b7737000 r--p 0000c000 08:07 5121666    /usr/lib/jvm/java-7-openjdk-i386/jre/lib/i386/jli/libjli.so
b7737000-b7738000 rw-p 0000d000 08:07 5121666    /usr/lib/jvm/java-7-openjdk-i386/jre/lib/i386/jli/libjli.so
b7738000-b773b000 rw-p 00000000 00:00 0 
b773b000-b773c000 r-xp 00000000 00:00 0          [vdso]
b773c000-b775c000 r-xp 00000000 08:07 132037     /lib/i386-linux-gnu/ld-2.19.so
b775c000-b775d000 r--p 0001f000 08:07 132037     /lib/i386-linux-gnu/ld-2.19.so
b775d000-b775e000 rw-p 00020000 08:07 132037     /lib/i386-linux-gnu/ld-2.19.so
bfa26000-bfa27000 rwxp 00000000 00:00 0 
bfa59000-bfa7a000 rw-p 00000000 00:00 0          [stack]

VM Arguments:
jvm_args: -Xmx1024M 
java_command: /home/gikundi/Desktop/flash/adt-bundle-linux-x86-20140321/adt-bundle-linux-x86-20140321/sdk/build-tools/21.1.2/lib/dx.jar --dex --output /home/gikundi/Desktop/Twendehaja/app/build/intermediates/pre-dexed/debug/classes-d2eb45337b768dd0194d4c9380390ed17318ee1d.jar /home/gikundi/Desktop/Twendehaja/app/build/intermediates/exploded-aar/com.android.support/leanback-v17/21.0.3/classes.jar
Launcher Type: SUN_STANDARD

Environment Variables:
CLASSPATH=./../lib/bootstrap.jar:./../lib/extensions.jar:./../lib/util.jar:./../lib/jdom.jar:./../lib/log4j.jar:./../lib/trove4j.jar:./../lib/jna.jar:/usr/lib/jvm/java-7-openjdk-i386/lib/tools.jar
PATH=/usr/local/sbin:/usr/local/bin:/usr/sbin:/usr/bin:/sbin:/bin:/usr/games:/usr/local/games
USERNAME=gikundi
LD_LIBRARY_PATH=.:
SHELL=/bin/bash
DISPLAY=:0.0

Signal Handlers:
SIGSEGV: [libjvm.so+0x80a5e0], sa_mask[0]=0x7ffbfeff, sa_flags=0x10000004
SIGBUS: [libjvm.so+0x80a5e0], sa_mask[0]=0x7ffbfeff, sa_flags=0x10000004
SIGFPE: 